#1947(Sat Oct 11 2025 18:07:46 GMT+0000 (Coordinated Universal Time)): Error: Failed to fetch chapter info: Retry later

#2263(Sat Oct 11 2025 18:07:46 GMT+0000 (Coordinated Universal Time)): Error: Failed to fetch chapter info: Retry later

#3345(Sat Oct 11 2025 18:07:47 GMT+0000 (Coordinated Universal Time)): Error: Failed to fetch manga info: Retry later
 3345
#2698(Sat Oct 11 2025 18:07:47 GMT+0000 (Coordinated Universal Time)): Error: Failed to fetch manga info: Retry later
 2698
#2888(Sat Oct 11 2025 18:07:47 GMT+0000 (Coordinated Universal Time)): Error: Failed to fetch manga info: Retry later
 2888
#2958(Sat Oct 11 2025 18:07:47 GMT+0000 (Coordinated Universal Time)): Error: Failed to fetch manga info: Retry later
 2958
#106(Sat Oct 11 2025 18:07:47 GMT+0000 (Coordinated Universal Time)): Error: Failed to fetch manga info: Retry later
 106
#3613(Sat Oct 11 2025 18:07:47 GMT+0000 (Coordinated Universal Time)): Error: Failed to fetch manga info: Retry later
 3613
#3018(Sat Oct 11 2025 18:07:47 GMT+0000 (Coordinated Universal Time)): Error: Failed to fetch manga info: Retry later
 3018
#3796(Sat Oct 11 2025 18:07:47 GMT+0000 (Coordinated Universal Time)): Error: Failed to fetch manga info: Retry later
 3796
#3781(Sat Oct 11 2025 18:07:47 GMT+0000 (Coordinated Universal Time)): Error: Failed to fetch manga info: Retry later
 3781
#3427(Sat Oct 11 2025 18:07:48 GMT+0000 (Coordinated Universal Time)): Error: Failed to fetch manga info: Retry later
 3427
#1126(Sat Oct 11 2025 18:07:48 GMT+0000 (Coordinated Universal Time)): Error: Failed to fetch manga info: Retry later
 1126
#3182(Sat Oct 11 2025 18:07:48 GMT+0000 (Coordinated Universal Time)): Error: Failed to fetch manga info: Retry later
 3182
#2380(Sat Oct 11 2025 18:07:48 GMT+0000 (Coordinated Universal Time)): Error: Failed to fetch manga info: Retry later
 2380
#3802(Sat Oct 11 2025 18:07:48 GMT+0000 (Coordinated Universal Time)): Error: Failed to fetch manga info: Retry later
 3802
#2102(Sat Oct 11 2025 18:07:48 GMT+0000 (Coordinated Universal Time)): Error: Failed to fetch manga info: Retry later
 2102
#2663(Sat Oct 11 2025 18:07:48 GMT+0000 (Coordinated Universal Time)): Error: Failed to fetch manga info: Retry later
 2663
#3660(Sat Oct 11 2025 18:07:48 GMT+0000 (Coordinated Universal Time)): Error: Failed to fetch manga info: Retry later
 3660
#3143(Sat Oct 11 2025 18:07:48 GMT+0000 (Coordinated Universal Time)): Error: Failed to fetch manga info: Retry later
 3143
#2914(Sat Oct 11 2025 18:07:49 GMT+0000 (Coordinated Universal Time)): Error: Failed to fetch manga info: Retry later
 2914
#3259(Sat Oct 11 2025 18:07:49 GMT+0000 (Coordinated Universal Time)): Error: Failed to fetch manga info: Retry later
 3259
#3476(Sat Oct 11 2025 18:07:49 GMT+0000 (Coordinated Universal Time)): Error: Failed to fetch manga info: Retry later
 3476
#3733(Sat Oct 11 2025 18:07:49 GMT+0000 (Coordinated Universal Time)): Error: Failed to fetch manga info: Retry later
 3733
#1928(Sat Oct 11 2025 18:07:49 GMT+0000 (Coordinated Universal Time)): Error: Failed to fetch manga info: Retry later
 1928
#2511(Sat Oct 11 2025 18:07:49 GMT+0000 (Coordinated Universal Time)): Error: Failed to fetch manga info: Retry later
 2511
#2948(Sat Oct 11 2025 18:07:49 GMT+0000 (Coordinated Universal Time)): Error: Failed to fetch manga info: Retry later
 2948
#3726(Sat Oct 11 2025 18:07:50 GMT+0000 (Coordinated Universal Time)): Error: Failed to fetch manga info: Retry later
 3726
#3511(Sat Oct 11 2025 18:07:50 GMT+0000 (Coordinated Universal Time)): Error: Failed to fetch manga info: Retry later
 3511
#3193(Sat Oct 11 2025 18:07:51 GMT+0000 (Coordinated Universal Time)): Error: Failed to fetch manga info: Retry later
 3193
#3650(Sat Oct 11 2025 18:07:51 GMT+0000 (Coordinated Universal Time)): Error: Failed to fetch manga info: Retry later
 3650
#1606(Sat Oct 11 2025 18:07:51 GMT+0000 (Coordinated Universal Time)): Error: Failed to fetch manga info: Retry later
 1606
#2318(Sat Oct 11 2025 18:07:52 GMT+0000 (Coordinated Universal Time)): Error: Failed to fetch manga info: Retry later
 2318
#3319(Sat Oct 11 2025 18:07:52 GMT+0000 (Coordinated Universal Time)): Error: Failed to fetch chapter info: Retry later

#2819(Sat Oct 11 2025 18:07:52 GMT+0000 (Coordinated Universal Time)): Error: Failed to fetch manga info: Retry later
 2819
#2986(Sat Oct 11 2025 18:07:52 GMT+0000 (Coordinated Universal Time)): Error: Failed to fetch chapter info: Retry later

#3637(Sat Oct 11 2025 18:07:52 GMT+0000 (Coordinated Universal Time)): Error: Failed to fetch manga info: Retry later
 3637
#3743(Sat Oct 11 2025 18:10:22 GMT+0000 (Coordinated Universal Time)): TransferTiktokError: file unnamed.png (File suffixes and file formats are not uniform.) is not a valid image file
#3742(Sat Oct 11 2025 18:10:25 GMT+0000 (Coordinated Universal Time)): TransferTiktokError: file unnamed.png (File suffixes and file formats are not uniform.) is not a valid image file
#989(Sat Oct 11 2025 18:10:25 GMT+0000 (Coordinated Universal Time)): TransferTiktokError: file unnamed.png (File suffixes and file formats are not uniform.) is not a valid image file
#2147(Sat Oct 11 2025 18:10:25 GMT+0000 (Coordinated Universal Time)): TransferTiktokError: file unnamed.png (File suffixes and file formats are not uniform.) is not a valid image file
#2848(Sat Oct 11 2025 18:10:29 GMT+0000 (Coordinated Universal Time)): TransferTiktokError: file unnamed.png (File suffixes and file formats are not uniform.) is not a valid image file
#3288(Sat Oct 11 2025 18:10:33 GMT+0000 (Coordinated Universal Time)): TransferTiktokError: file unnamed.png (File suffixes and file formats are not uniform.) is not a valid image file
#3791(Sat Oct 11 2025 18:10:34 GMT+0000 (Coordinated Universal Time)): TransferTiktokError: file unnamed.png (File suffixes and file formats are not uniform.) is not a valid image file
#3795(Sat Oct 11 2025 18:10:37 GMT+0000 (Coordinated Universal Time)): Error: Failed to fetch chapter info: Retry later

#3538(Sat Oct 11 2025 18:10:37 GMT+0000 (Coordinated Universal Time)): Error: Failed to fetch chapter info: Retry later

#2048(Sat Oct 11 2025 18:10:37 GMT+0000 (Coordinated Universal Time)): Error: Failed to fetch chapter info: Retry later

#3336(Sat Oct 11 2025 18:10:37 GMT+0000 (Coordinated Universal Time)): Error: Failed to fetch chapter info: Retry later

#3014(Sat Oct 11 2025 18:10:37 GMT+0000 (Coordinated Universal Time)): Error: Failed to fetch manga info: Retry later
 3014
#3585(Sat Oct 11 2025 18:10:37 GMT+0000 (Coordinated Universal Time)): Error: Failed to fetch chapter info: Retry later

#1906(Sat Oct 11 2025 18:10:37 GMT+0000 (Coordinated Universal Time)): Error: Failed to fetch manga info: Retry later
 1906
#618(Sat Oct 11 2025 18:10:37 GMT+0000 (Coordinated Universal Time)): Error: Failed to fetch chapter info: Retry later

#3614(Sat Oct 11 2025 18:10:37 GMT+0000 (Coordinated Universal Time)): Error: Failed to fetch chapter info: Retry later

#3801(Sat Oct 11 2025 18:10:37 GMT+0000 (Coordinated Universal Time)): Error: Failed to fetch manga info: Retry later
 3801
#2291(Sat Oct 11 2025 18:10:37 GMT+0000 (Coordinated Universal Time)): Error: Failed to fetch manga info: Retry later
 2291
#3717(Sat Oct 11 2025 18:10:38 GMT+0000 (Coordinated Universal Time)): Error: Failed to fetch chapter info: Retry later

#2171(Sat Oct 11 2025 18:10:38 GMT+0000 (Coordinated Universal Time)): Error: Failed to fetch manga info: Retry later
 2171
#3579(Sat Oct 11 2025 18:10:38 GMT+0000 (Coordinated Universal Time)): Error: Failed to fetch manga info: Retry later
 3579
#1897(Sat Oct 11 2025 18:10:38 GMT+0000 (Coordinated Universal Time)): Error: Failed to fetch manga info: Retry later
 1897
#2303(Sat Oct 11 2025 18:10:38 GMT+0000 (Coordinated Universal Time)): Error: Failed to fetch manga info: Retry later
 2303
#2701(Sat Oct 11 2025 18:10:38 GMT+0000 (Coordinated Universal Time)): Error: Failed to fetch manga info: Retry later
 2701
#940(Sat Oct 11 2025 18:10:38 GMT+0000 (Coordinated Universal Time)): Error: Failed to fetch manga info: Retry later
 940
#3527(Sat Oct 11 2025 18:10:38 GMT+0000 (Coordinated Universal Time)): Error: Failed to fetch manga info: Retry later
 3527
#3261(Sat Oct 11 2025 18:10:38 GMT+0000 (Coordinated Universal Time)): Error: Failed to fetch manga info: Retry later
 3261
#2760(Sat Oct 11 2025 18:10:38 GMT+0000 (Coordinated Universal Time)): Error: Failed to fetch manga info: Retry later
 2760
#3797(Sat Oct 11 2025 18:10:38 GMT+0000 (Coordinated Universal Time)): Error: Failed to fetch manga info: Retry later
 3797
#3784(Sat Oct 11 2025 18:10:38 GMT+0000 (Coordinated Universal Time)): Error: Failed to fetch chapter info: Retry later

#3705(Sat Oct 11 2025 18:10:38 GMT+0000 (Coordinated Universal Time)): Error: Failed to fetch manga info: Retry later
 3705
#3550(Sat Oct 11 2025 18:10:38 GMT+0000 (Coordinated Universal Time)): Error: Failed to fetch manga info: Retry later
 3550
#1792(Sat Oct 11 2025 18:10:38 GMT+0000 (Coordinated Universal Time)): Error: Failed to fetch manga info: Retry later
 1792
#3078(Sat Oct 11 2025 18:10:38 GMT+0000 (Coordinated Universal Time)): Error: Failed to fetch manga info: Retry later
 3078
#2616(Sat Oct 11 2025 18:10:38 GMT+0000 (Coordinated Universal Time)): Error: Failed to fetch manga info: Retry later
 2616
#1457(Sat Oct 11 2025 18:10:38 GMT+0000 (Coordinated Universal Time)): Error: Failed to fetch manga info: Retry later
 1457
#2268(Sat Oct 11 2025 18:10:38 GMT+0000 (Coordinated Universal Time)): Error: Failed to fetch manga info: Retry later
 2268
#3020(Sat Oct 11 2025 18:10:38 GMT+0000 (Coordinated Universal Time)): Error: Failed to fetch manga info: Retry later
 3020
#481(Sat Oct 11 2025 18:10:38 GMT+0000 (Coordinated Universal Time)): Error: Failed to fetch manga info: Retry later
 481
#3671(Sat Oct 11 2025 18:10:38 GMT+0000 (Coordinated Universal Time)): Error: Failed to fetch manga info: Retry later
 3671
#3155(Sat Oct 11 2025 18:10:39 GMT+0000 (Coordinated Universal Time)): Error: Failed to fetch manga info: Retry later
 3155
#2361(Sat Oct 11 2025 18:10:39 GMT+0000 (Coordinated Universal Time)): Error: Failed to fetch manga info: Retry later
 2361
#3619(Sat Oct 11 2025 18:10:42 GMT+0000 (Coordinated Universal Time)): Error: Failed to fetch manga info: Retry later
 3619
#2981(Sat Oct 11 2025 18:10:43 GMT+0000 (Coordinated Universal Time)): Error: Failed to fetch manga chapters: Retry later

#3277(Sat Oct 11 2025 18:10:43 GMT+0000 (Coordinated Universal Time)): Error: Failed to fetch manga chapters: Retry later

#2403(Sat Oct 11 2025 18:10:43 GMT+0000 (Coordinated Universal Time)): Error: Failed to fetch manga chapters: Retry later

#3536(Sat Oct 11 2025 18:10:43 GMT+0000 (Coordinated Universal Time)): Error: Failed to fetch manga info: Retry later
 3536
#699(Sat Oct 11 2025 18:10:43 GMT+0000 (Coordinated Universal Time)): Error: Failed to fetch manga chapters: Retry later

#1818(Sat Oct 11 2025 18:10:43 GMT+0000 (Coordinated Universal Time)): Error: Failed to fetch manga chapters: Retry later

#2676(Sat Oct 11 2025 18:13:13 GMT+0000 (Coordinated Universal Time)): Error: Failed to fetch chapter info: Retry later

#2420(Sat Oct 11 2025 18:17:43 GMT+0000 (Coordinated Universal Time)): Error: Failed to fetch chapter info: Retry later

#582(Sat Oct 11 2025 18:23:40 GMT+0000 (Coordinated Universal Time)): TransferTiktokError: file unnamed.png (File suffixes and file formats are not uniform.) is not a valid image file
#3794(Sat Oct 11 2025 18:23:43 GMT+0000 (Coordinated Universal Time)): TransferTiktokError: file unnamed.png (File suffixes and file formats are not uniform.) is not a valid image file
#3326(Sat Oct 11 2025 18:23:47 GMT+0000 (Coordinated Universal Time)): Error: Failed to fetch chapter info: Retry later

#2619(Sat Oct 11 2025 18:23:47 GMT+0000 (Coordinated Universal Time)): Error: Failed to fetch chapter info: Retry later

#2554(Sat Oct 11 2025 18:23:47 GMT+0000 (Coordinated Universal Time)): Error: Failed to fetch chapter info: Retry later

#3783(Sat Oct 11 2025 18:23:47 GMT+0000 (Coordinated Universal Time)): Error: Failed to fetch chapter info: Retry later

#3376(Sat Oct 11 2025 18:23:51 GMT+0000 (Coordinated Universal Time)): Error: Failed to fetch chapter info: Retry later

#2589(Sat Oct 11 2025 18:23:53 GMT+0000 (Coordinated Universal Time)): Error: Failed to fetch chapter info: Retry later

#2694(Sat Oct 11 2025 18:23:55 GMT+0000 (Coordinated Universal Time)): Error: Failed to fetch manga info: Retry later
 2694
#3257(Sat Oct 11 2025 18:23:55 GMT+0000 (Coordinated Universal Time)): Error: Failed to fetch manga info: Retry later
 3257
#3086(Sat Oct 11 2025 18:23:56 GMT+0000 (Coordinated Universal Time)): Error: Failed to fetch manga info: Retry later
 3086
#2687(Sat Oct 11 2025 18:24:03 GMT+0000 (Coordinated Universal Time)): Error: Failed to fetch manga info: Retry later
 2687
#3220(Sat Oct 11 2025 18:25:21 GMT+0000 (Coordinated Universal Time)): Error: Failed to fetch chapter info: Retry later

#1136(Sat Oct 11 2025 18:25:24 GMT+0000 (Coordinated Universal Time)): Error: Failed to fetch chapter info: Retry later

#3404(Sat Oct 11 2025 18:25:24 GMT+0000 (Coordinated Universal Time)): Error: Failed to fetch manga info: Retry later
 3404
#3503(Sat Oct 11 2025 18:25:32 GMT+0000 (Coordinated Universal Time)): Error: Failed to fetch chapter info: Retry later

#2368(Sat Oct 11 2025 18:25:32 GMT+0000 (Coordinated Universal Time)): Error: Failed to fetch chapter info: Retry later

#3350(Sat Oct 11 2025 18:25:33 GMT+0000 (Coordinated Universal Time)): Error: Failed to fetch chapter info: Retry later

#3792(Sat Oct 11 2025 18:25:33 GMT+0000 (Coordinated Universal Time)): Error: Failed to fetch chapter info: Retry later

#3401(Sat Oct 11 2025 18:27:48 GMT+0000 (Coordinated Universal Time)): Error: Failed to fetch chapter info: Retry later

#2290(Sat Oct 11 2025 18:29:52 GMT+0000 (Coordinated Universal Time)): Error: Failed to fetch chapter info: Retry later

#2932(Sat Oct 11 2025 18:29:52 GMT+0000 (Coordinated Universal Time)): Error: Failed to fetch chapter info: Retry later

#3790(Sat Oct 11 2025 18:30:40 GMT+0000 (Coordinated Universal Time)): Error: Failed query: insert into "mangas" ("id", "raw_id", "name", "cover_url", "cover_mobile_url", "panorama_url", "panorama_mobile_url", "panorama_dominant_color", "panorama_dominant_color_2", "description", "full_description", "official_url", "is_region_limited", "is_ads", "views_count", "is_nsfw", "team", "titles", "created_at", "updated_at") values (default, $1, $2, $3, $4, $5, $6, $7, $8, $9, $10, $11, $12, $13, $14, $15, $16, $17, $18, $19) returning "id", "updated_at"
params: 3790,Sutochiru,ad-site-i18n-sg/202510115d0dc83cccfc11f442158ad1,ad-site-i18n-sg/202510115d0d1846caea3ab54dcd81ea,ad-site-i18n-sg/202510115d0da58f2b4af3144293bd71,ad-site-i18n-sg/202510115d0d137454cb3dd44b80b9d8,#c6c6c6,#090909,,,https://bookwalker.jp/series/516856/,false,true,101,false,24,{"{\"id\":8444,\"name\":\"Sutochiru\",\"primary\":true}"},2025-10-07T12:10:05.966Z,2025-10-11T10:23:06.793Z
#3371(Sat Oct 11 2025 18:35:20 GMT+0000 (Coordinated Universal Time)): TransferTiktokError: file unnamed.png (File suffixes and file formats are not uniform.) is not a valid image file
#3793(Sat Oct 11 2025 18:35:22 GMT+0000 (Coordinated Universal Time)): TransferTiktokError: file unnamed.png (File suffixes and file formats are not uniform.) is not a valid image file
#2215(Sat Oct 11 2025 18:35:24 GMT+0000 (Coordinated Universal Time)): TransferTiktokError: file unnamed.png (File suffixes and file formats are not uniform.) is not a valid image file
#556(Sat Oct 11 2025 18:35:47 GMT+0000 (Coordinated Universal Time)): Error: Failed to fetch chapter info: Retry later

#3789(Sat Oct 11 2025 18:36:16 GMT+0000 (Coordinated Universal Time)): TransferTiktokError: file unnamed.png (File suffixes and file formats are not uniform.) is not a valid image file
#203(Sat Oct 11 2025 18:36:39 GMT+0000 (Coordinated Universal Time)): TransferTiktokError: file unnamed.png (File suffixes and file formats are not uniform.) is not a valid image file
#1962(Sat Oct 11 2025 18:36:45 GMT+0000 (Coordinated Universal Time)): Error: Failed to fetch chapter info: Retry later

#3315(Sat Oct 11 2025 18:36:58 GMT+0000 (Coordinated Universal Time)): TransferTiktokError: file unnamed.png (File suffixes and file formats are not uniform.) is not a valid image file
#1634(Sat Oct 11 2025 18:37:20 GMT+0000 (Coordinated Universal Time)): Error: Failed to fetch chapter info: Retry later

#2327(Sat Oct 11 2025 18:37:20 GMT+0000 (Coordinated Universal Time)): Error: Failed to fetch chapter info: Retry later

#2861(Sat Oct 11 2025 18:37:22 GMT+0000 (Coordinated Universal Time)): Error: Failed to fetch manga info: Retry later
 2861
#708(Sat Oct 11 2025 18:38:13 GMT+0000 (Coordinated Universal Time)): Error: Failed to fetch chapter info: Retry later

#2301(Sat Oct 11 2025 18:38:19 GMT+0000 (Coordinated Universal Time)): Error: Failed to fetch chapter info: Retry later

#2536(Sat Oct 11 2025 18:39:07 GMT+0000 (Coordinated Universal Time)): TransferTiktokError: file unnamed.png (File suffixes and file formats are not uniform.) is not a valid image file
#2242(Sat Oct 11 2025 18:40:17 GMT+0000 (Coordinated Universal Time)): TransferTiktokError: file unnamed.png (File suffixes and file formats are not uniform.) is not a valid image file
#3761(Sat Oct 11 2025 18:40:37 GMT+0000 (Coordinated Universal Time)): TransferTiktokError: file unnamed.png (File suffixes and file formats are not uniform.) is not a valid image file
#3065(Sat Oct 11 2025 18:41:10 GMT+0000 (Coordinated Universal Time)): TransferTiktokError: file unnamed.png (File suffixes and file formats are not uniform.) is not a valid image file
#544(Sat Oct 11 2025 18:42:21 GMT+0000 (Coordinated Universal Time)): TransferTiktokError: file unnamed.png (File suffixes and file formats are not uniform.) is not a valid image file
#3632(Sat Oct 11 2025 18:42:23 GMT+0000 (Coordinated Universal Time)): TransferTiktokError: file unnamed.png (File suffixes and file formats are not uniform.) is not a valid image file
#2767(Sat Oct 11 2025 18:42:31 GMT+0000 (Coordinated Universal Time)): Error: Failed to fetch chapter info: Retry later

#3439(Sat Oct 11 2025 18:42:32 GMT+0000 (Coordinated Universal Time)): Error: Failed to fetch chapter info: Retry later

#3472(Sat Oct 11 2025 18:43:36 GMT+0000 (Coordinated Universal Time)): Error: Failed to fetch chapter info: Retry later

#2293(Sat Oct 11 2025 18:43:37 GMT+0000 (Coordinated Universal Time)): Error: Failed to fetch chapter info: Retry later

#3706(Sat Oct 11 2025 18:43:38 GMT+0000 (Coordinated Universal Time)): Error: Failed to fetch manga info: Retry later
 3706
#3369(Sat Oct 11 2025 18:43:38 GMT+0000 (Coordinated Universal Time)): Error: Failed to fetch chapter info: Retry later

#2659(Sat Oct 11 2025 18:43:38 GMT+0000 (Coordinated Universal Time)): Error: Failed to fetch manga chapters: Retry later

#3311(Sat Oct 11 2025 18:43:39 GMT+0000 (Coordinated Universal Time)): Error: Failed to fetch manga info: Retry later
 3311
#2273(Sat Oct 11 2025 18:43:39 GMT+0000 (Coordinated Universal Time)): Error: Failed to fetch chapter info: Retry later

#3375(Sat Oct 11 2025 18:43:41 GMT+0000 (Coordinated Universal Time)): Error: Failed to fetch manga info: Retry later
 3375
#2463(Sat Oct 11 2025 18:43:41 GMT+0000 (Coordinated Universal Time)): Error: Failed to fetch manga info: Retry later
 2463
#3639(Sat Oct 11 2025 18:43:41 GMT+0000 (Coordinated Universal Time)): Error: Failed to fetch manga info: Retry later
 3639
#2975(Sat Oct 11 2025 18:43:46 GMT+0000 (Coordinated Universal Time)): Error: Failed to fetch manga chapters: Retry later

#3549(Sat Oct 11 2025 18:43:46 GMT+0000 (Coordinated Universal Time)): Error: Failed to fetch manga chapters: Retry later

#2154(Sat Oct 11 2025 18:44:42 GMT+0000 (Coordinated Universal Time)): Error: Failed to fetch chapter info: Retry later

#2082(Sat Oct 11 2025 18:44:42 GMT+0000 (Coordinated Universal Time)): Error: Failed to fetch chapter info: Retry later

#3057(Sat Oct 11 2025 18:44:42 GMT+0000 (Coordinated Universal Time)): Error: Failed to fetch manga info: Retry later
 3057
#1180(Sat Oct 11 2025 18:44:42 GMT+0000 (Coordinated Universal Time)): Error: Failed to fetch manga info: Retry later
 1180
#3636(Sat Oct 11 2025 18:44:43 GMT+0000 (Coordinated Universal Time)): Error: Failed to fetch manga chapters: Retry later

#539(Sat Oct 11 2025 18:45:44 GMT+0000 (Coordinated Universal Time)): Error: Failed to fetch chapter info: Retry later

#2399(Sat Oct 11 2025 18:45:45 GMT+0000 (Coordinated Universal Time)): Error: Failed to fetch manga chapters: Retry later

#3779(Sat Oct 11 2025 18:45:46 GMT+0000 (Coordinated Universal Time)): Error: Failed to fetch manga chapters: Retry later

#2640(Sat Oct 11 2025 18:45:47 GMT+0000 (Coordinated Universal Time)): Error: Failed to fetch manga info: Retry later
 2640
#1402(Sat Oct 11 2025 18:45:48 GMT+0000 (Coordinated Universal Time)): Error: Failed to fetch manga info: Retry later
 1402
#3520(Sat Oct 11 2025 18:45:49 GMT+0000 (Coordinated Universal Time)): Error: Failed to fetch manga info: Retry later
 3520
#3572(Sat Oct 11 2025 18:45:49 GMT+0000 (Coordinated Universal Time)): Error: Failed to fetch chapter info: Retry later

#3723(Sat Oct 11 2025 18:45:49 GMT+0000 (Coordinated Universal Time)): Error: Failed to fetch manga info: Retry later
 3723
#2230(Sat Oct 11 2025 18:45:49 GMT+0000 (Coordinated Universal Time)): Error: Failed to fetch manga info: Retry later
 2230
#3381(Sat Oct 11 2025 18:45:49 GMT+0000 (Coordinated Universal Time)): Error: Failed to fetch manga info: Retry later
 3381
#3778(Sat Oct 11 2025 18:45:50 GMT+0000 (Coordinated Universal Time)): Error: Failed to fetch manga info: Retry later
 3778
#3632(Sat Oct 11 2025 18:47:58 GMT+0000 (Coordinated Universal Time)): TransferTiktokError: file unnamed.png (File suffixes and file formats are not uniform.) is not a valid image file
#3760(Sat Oct 11 2025 18:47:58 GMT+0000 (Coordinated Universal Time)): TransferTiktokError: file unnamed.png (File suffixes and file formats are not uniform.) is not a valid image file
#3266(Sat Oct 11 2025 18:48:00 GMT+0000 (Coordinated Universal Time)): TransferTiktokError: file unnamed.png (File suffixes and file formats are not uniform.) is not a valid image file
#2978(Sat Oct 11 2025 18:48:30 GMT+0000 (Coordinated Universal Time)): TransferTiktokError: file unnamed.png (File suffixes and file formats are not uniform.) is not a valid image file
#2789(Sat Oct 11 2025 18:48:42 GMT+0000 (Coordinated Universal Time)): TransferTiktokError: file unnamed.png (File suffixes and file formats are not uniform.) is not a valid image file
#2862(Sat Oct 11 2025 18:48:42 GMT+0000 (Coordinated Universal Time)): TransferTiktokError: file unnamed.png (File suffixes and file formats are not uniform.) is not a valid image file
#1627(Sat Oct 11 2025 18:48:46 GMT+0000 (Coordinated Universal Time)): TransferTiktokError: file unnamed.png (File suffixes and file formats are not uniform.) is not a valid image file
#3632(Sat Oct 11 2025 19:20:52 GMT+0000 (Coordinated Universal Time)): TransferTiktokError: file unnamed.jpg (File suffixes and file formats are not uniform.) is not a valid image file
#3760(Sat Oct 11 2025 19:20:52 GMT+0000 (Coordinated Universal Time)): TransferTiktokError: file unnamed.jpg (File suffixes and file formats are not uniform.) is not a valid image file
#3266(Sat Oct 11 2025 19:20:52 GMT+0000 (Coordinated Universal Time)): TransferTiktokError: file unnamed.jpg (File suffixes and file formats are not uniform.) is not a valid image file
#2978(Sat Oct 11 2025 19:21:08 GMT+0000 (Coordinated Universal Time)): TransferTiktokError: file unnamed.jpg (File suffixes and file formats are not uniform.) is not a valid image file
#3472(Sat Oct 11 2025 19:22:46 GMT+0000 (Coordinated Universal Time)): TransferTiktokError: file unnamed.jpeg (File suffixes and file formats are not uniform.) is not a valid image file
#2767(Sat Oct 11 2025 19:23:05 GMT+0000 (Coordinated Universal Time)): TransferTiktokError: file unnamed.jpeg (File suffixes and file formats are not uniform.) is not a valid image file
#3369(Sat Oct 11 2025 19:24:06 GMT+0000 (Coordinated Universal Time)): TransferTiktokError: file unnamed.jpeg (File suffixes and file formats are not uniform.) is not a valid image file
#3706(Sat Oct 11 2025 19:24:25 GMT+0000 (Coordinated Universal Time)): TransferTiktokError: file unnamed.jpeg (File suffixes and file formats are not uniform.) is not a valid image file
#3311(Sat Oct 11 2025 19:24:34 GMT+0000 (Coordinated Universal Time)): TransferTiktokError: file unnamed.jpg (File suffixes and file formats are not uniform.) is not a valid image file
#2463(Sat Oct 11 2025 19:24:42 GMT+0000 (Coordinated Universal Time)): TransferTiktokError: file unnamed.jpg (File suffixes and file formats are not uniform.) is not a valid image file
#2862(Sat Oct 11 2025 19:25:52 GMT+0000 (Coordinated Universal Time)): TransferTiktokError: file unnamed.jpg (File suffixes and file formats are not uniform.) is not a valid image file
#1627(Sat Oct 11 2025 19:26:25 GMT+0000 (Coordinated Universal Time)): TransferTiktokError: file unnamed.jpg (File suffixes and file formats are not uniform.) is not a valid image file
#2789(Sat Oct 11 2025 19:26:29 GMT+0000 (Coordinated Universal Time)): TransferTiktokError: file unnamed.jpg (File suffixes and file formats are not uniform.) is not a valid image file
#3375(Sat Oct 11 2025 19:26:56 GMT+0000 (Coordinated Universal Time)): TransferTiktokError: file unnamed.jpeg (File suffixes and file formats are not uniform.) is not a valid image file
#2975(Sat Oct 11 2025 19:29:05 GMT+0000 (Coordinated Universal Time)): TransferTiktokError: file unnamed.jpeg (File suffixes and file formats are not uniform.) is not a valid image file
#3549(Sat Oct 11 2025 19:29:22 GMT+0000 (Coordinated Universal Time)): TransferTiktokError: file unnamed.jpeg (File suffixes and file formats are not uniform.) is not a valid image file
#2082(Sat Oct 11 2025 19:30:16 GMT+0000 (Coordinated Universal Time)): TransferTiktokError: file unnamed.jpeg (File suffixes and file formats are not uniform.) is not a valid image file
#3760(Sat Oct 11 2025 19:37:34 GMT+0000 (Coordinated Universal Time)): TransferTiktokError: file unnamed.jpeg (File suffixes and file formats are not uniform.) is not a valid image file
#3266(Sat Oct 11 2025 19:37:34 GMT+0000 (Coordinated Universal Time)): TransferTiktokError: file unnamed.jpeg (File suffixes and file formats are not uniform.) is not a valid image file
#3632(Sat Oct 11 2025 19:37:34 GMT+0000 (Coordinated Universal Time)): TransferTiktokError: file unnamed.jpeg (File suffixes and file formats are not uniform.) is not a valid image file
#3632(Sat Oct 11 2025 19:38:23 GMT+0000 (Coordinated Universal Time)): TransferTiktokError: file unnamed.jpg (File suffixes and file formats are not uniform.) is not a valid image file
#3266(Sat Oct 11 2025 19:38:23 GMT+0000 (Coordinated Universal Time)): TransferTiktokError: file unnamed.jpg (File suffixes and file formats are not uniform.) is not a valid image file
#3760(Sat Oct 11 2025 19:38:23 GMT+0000 (Coordinated Universal Time)): TransferTiktokError: file unnamed.jpg (File suffixes and file formats are not uniform.) is not a valid image file
#2463(Sat Oct 11 2025 19:38:29 GMT+0000 (Coordinated Universal Time)): TransferTiktokError: file unnamed.jpg (File suffixes and file formats are not uniform.) is not a valid image file
#2154(Sat Oct 11 2025 19:38:32 GMT+0000 (Coordinated Universal Time)): Error: Failed to fetch chapter info: Retry later

#2862(Sat Oct 11 2025 19:38:32 GMT+0000 (Coordinated Universal Time)): TransferTiktokError: file unnamed.jpg (File suffixes and file formats are not uniform.) is not a valid image file
#539(Sat Oct 11 2025 19:38:32 GMT+0000 (Coordinated Universal Time)): Error: Failed to fetch chapter info: Retry later

#1180(Sat Oct 11 2025 19:38:32 GMT+0000 (Coordinated Universal Time)): Error: Failed to fetch chapter info: Retry later

#1627(Sat Oct 11 2025 19:38:32 GMT+0000 (Coordinated Universal Time)): TransferTiktokError: file unnamed.jpg (File suffixes and file formats are not uniform.) is not a valid image file
#3632(Sat Oct 11 2025 19:39:09 GMT+0000 (Coordinated Universal Time)): TransferTiktokError: file unnamed.jpg (File suffixes and file formats are not uniform.) is not a valid image file url=null
#3266(Sat Oct 11 2025 19:39:10 GMT+0000 (Coordinated Universal Time)): TransferTiktokError: file unnamed.jpg (File suffixes and file formats are not uniform.) is not a valid image file url=null
#3760(Sat Oct 11 2025 19:39:10 GMT+0000 (Coordinated Universal Time)): TransferTiktokError: file unnamed.jpg (File suffixes and file formats are not uniform.) is not a valid image file url=null
#3632(Sat Oct 11 2025 19:40:58 GMT+0000 (Coordinated Universal Time)): TransferTiktokError: file unnamed.jpg (File suffixes and file formats are not uniform.) is not a valid image file url=undefined&data=undefined
#3760(Sat Oct 11 2025 19:40:58 GMT+0000 (Coordinated Universal Time)): TransferTiktokError: file unnamed.jpg (File suffixes and file formats are not uniform.) is not a valid image file url=undefined&data=undefined
#3266(Sat Oct 11 2025 19:40:58 GMT+0000 (Coordinated Universal Time)): TransferTiktokError: file unnamed.jpg (File suffixes and file formats are not uniform.) is not a valid image file url=undefined&data=undefined
#3632(Sat Oct 11 2025 19:42:22 GMT+0000 (Coordinated Universal Time)): TransferTiktokError: file unnamed.jpg (File suffixes and file formats are not uniform.) is not a valid image fileurl=null url=undefined&data=undefined
#3266(Sat Oct 11 2025 19:42:22 GMT+0000 (Coordinated Universal Time)): TransferTiktokError: file unnamed.jpg (File suffixes and file formats are not uniform.) is not a valid image fileurl=null url=undefined&data=undefined
#3760(Sat Oct 11 2025 19:42:22 GMT+0000 (Coordinated Universal Time)): TransferTiktokError: file unnamed.jpg (File suffixes and file formats are not uniform.) is not a valid image fileurl=null url=undefined&data=undefined
#3760(Sat Oct 11 2025 19:46:44 GMT+0000 (Coordinated Universal Time)): Error: Failed query: insert into "teams" ("id", "raw_id", "slug", "name", "description", "is_ads", "facebook_address", "views_count", "translations_count", "main_page_blocks", "avatar_url", "created_at", "updated_at") values (default, $1, $2, $3, $4, $5, $6, $7, $8, $9, $10, $11, $12) on conflict ("slug") do update set "raw_id" = $13, "slug" = $14, "name" = $15, "description" = $16, "is_ads" = $17, "facebook_address" = $18, "views_count" = $19, "translations_count" = $20, "main_page_blocks" = $21, "avatar_url" = $22, "created_at" = $23, "updated_at" = $24 returning "id", "updated_at"
params: 336,rewinder-translation,Rewinder Translation,,true,61559206212752,75496,4,,,2024-05-28T13:29:39.807Z,2025-09-24T13:37:36.087Z,336,rewinder-translation,Rewinder Translation,,true,61559206212752,75496,4,,,2024-05-28T13:29:39.807Z,2025-09-24T13:37:36.087Z
#3632(Sat Oct 11 2025 19:46:44 GMT+0000 (Coordinated Universal Time)): Error: Failed query: insert into "teams" ("id", "raw_id", "slug", "name", "description", "is_ads", "facebook_address", "views_count", "translations_count", "main_page_blocks", "avatar_url", "created_at", "updated_at") values (default, $1, $2, $3, $4, $5, $6, $7, $8, $9, $10, $11, $12) on conflict ("slug") do update set "raw_id" = $13, "slug" = $14, "name" = $15, "description" = $16, "is_ads" = $17, "facebook_address" = $18, "views_count" = $19, "translations_count" = $20, "main_page_blocks" = $21, "avatar_url" = $22, "created_at" = $23, "updated_at" = $24 returning "id", "updated_at"
params: 612,shirogane-team,Shirogane Team,Shirogane Team,true,have.an.auspicious.day,7421,2,,,2025-08-30T05:04:18.919Z,2025-09-25T07:57:36.063Z,612,shirogane-team,Shirogane Team,Shirogane Team,true,have.an.auspicious.day,7421,2,,,2025-08-30T05:04:18.919Z,2025-09-25T07:57:36.063Z
#3266(Sat Oct 11 2025 19:46:44 GMT+0000 (Coordinated Universal Time)): Error: Failed query: insert into "teams" ("id", "raw_id", "slug", "name", "description", "is_ads", "facebook_address", "views_count", "translations_count", "main_page_blocks", "avatar_url", "created_at", "updated_at") values (default, $1, $2, $3, $4, $5, $6, $7, $8, $9, $10, $11, $12) on conflict ("slug") do update set "raw_id" = $13, "slug" = $14, "name" = $15, "description" = $16, "is_ads" = $17, "facebook_address" = $18, "views_count" = $19, "translations_count" = $20, "main_page_blocks" = $21, "avatar_url" = $22, "created_at" = $23, "updated_at" = $24 returning "id", "updated_at"
params: 491,im-khok,Im Khok,,true,imkhok,4605,3,,,2025-04-13T13:37:17.501Z,2025-09-21T19:57:32.282Z,491,im-khok,Im Khok,,true,imkhok,4605,3,,,2025-04-13T13:37:17.501Z,2025-09-21T19:57:32.282Z
#2978(Sat Oct 11 2025 19:46:55 GMT+0000 (Coordinated Universal Time)): Error: Failed query: insert into "teams" ("id", "raw_id", "slug", "name", "description", "is_ads", "facebook_address", "views_count", "translations_count", "main_page_blocks", "avatar_url", "created_at", "updated_at") values (default, $1, $2, $3, $4, $5, $6, $7, $8, $9, $10, $11, $12) on conflict ("slug") do update set "raw_id" = $13, "slug" = $14, "name" = $15, "description" = $16, "is_ads" = $17, "facebook_address" = $18, "views_count" = $19, "translations_count" = $20, "main_page_blocks" = $21, "avatar_url" = $22, "created_at" = $23, "updated_at" = $24 returning "id", "updated_at"
params: 496,kayat,Kayat, Nhóm tên Kayat vì thằng trans thích vậy :))) ,true,kayatteam1,6033,1,[],,2025-04-19T15:42:27.883Z,2025-07-27T15:29:30.401Z,496,kayat,Kayat, Nhóm tên Kayat vì thằng trans thích vậy :))) ,true,kayatteam1,6033,1,[],,2025-04-19T15:42:27.883Z,2025-07-27T15:29:30.401Z
#3311(Sat Oct 11 2025 19:46:55 GMT+0000 (Coordinated Universal Time)): Error: Failed query: insert into "teams" ("id", "raw_id", "slug", "name", "description", "is_ads", "facebook_address", "views_count", "translations_count", "main_page_blocks", "avatar_url", "created_at", "updated_at") values (default, $1, $2, $3, $4, $5, $6, $7, $8, $9, $10, $11, $12) on conflict ("slug") do update set "raw_id" = $13, "slug" = $14, "name" = $15, "description" = $16, "is_ads" = $17, "facebook_address" = $18, "views_count" = $19, "translations_count" = $20, "main_page_blocks" = $21, "avatar_url" = $22, "created_at" = $23, "updated_at" = $24 returning "id", "updated_at"
params: 547,cheems,Cheems,Cheems,true,Cheems1706,143388,1,,,2025-06-30T13:21:01.336Z,2025-10-08T09:47:33.100Z,547,cheems,Cheems,Cheems,true,Cheems1706,143388,1,,,2025-06-30T13:21:01.336Z,2025-10-08T09:47:33.100Z
#2463(Sat Oct 11 2025 19:46:55 GMT+0000 (Coordinated Universal Time)): Error: Failed query: insert into "teams" ("id", "raw_id", "slug", "name", "description", "is_ads", "facebook_address", "views_count", "translations_count", "main_page_blocks", "avatar_url", "created_at", "updated_at") values (default, $1, $2, $3, $4, $5, $6, $7, $8, $9, $10, $11, $12) on conflict ("slug") do update set "raw_id" = $13, "slug" = $14, "name" = $15, "description" = $16, "is_ads" = $17, "facebook_address" = $18, "views_count" = $19, "translations_count" = $20, "main_page_blocks" = $21, "avatar_url" = $22, "created_at" = $23, "updated_at" = $24 returning "id", "updated_at"
params: 134,kurotoko,Kurotoko,,true,kurotoko,351846,9,,,2023-03-18T09:08:05.401Z,2025-10-09T10:47:32.650Z,134,kurotoko,Kurotoko,,true,kurotoko,351846,9,,,2023-03-18T09:08:05.401Z,2025-10-09T10:47:32.650Z
#2862(Sat Oct 11 2025 19:46:56 GMT+0000 (Coordinated Universal Time)): Error: Failed query: insert into "teams" ("id", "raw_id", "slug", "name", "description", "is_ads", "facebook_address", "views_count", "translations_count", "main_page_blocks", "avatar_url", "created_at", "updated_at") values (default, $1, $2, $3, $4, $5, $6, $7, $8, $9, $10, $11, $12) on conflict ("slug") do update set "raw_id" = $13, "slug" = $14, "name" = $15, "description" = $16, "is_ads" = $17, "facebook_address" = $18, "views_count" = $19, "translations_count" = $20, "main_page_blocks" = $21, "avatar_url" = $22, "created_at" = $23, "updated_at" = $24 returning "id", "updated_at"
params: 183,dich-truyen-luyen-tieng-anh,Dịch truyện luyện tiếng Anh,Nhóm sinh ra chỉ để tôi luyện tiếng Anh thông qua việc dịch truyện, tiện thể thì edit và đăng lên cho mọi người đọc thôi!,true,dichtruyenluyentienganh,435858,2,[],,2023-05-24T23:13:43.581Z,2025-10-10T06:07:32.704Z,183,dich-truyen-luyen-tieng-anh,Dịch truyện luyện tiếng Anh,Nhóm sinh ra chỉ để tôi luyện tiếng Anh thông qua việc dịch truyện, tiện thể thì edit và đăng lên cho mọi người đọc thôi!,true,dichtruyenluyentienganh,435858,2,[],,2023-05-24T23:13:43.581Z,2025-10-10T06:07:32.704Z
#1627(Sat Oct 11 2025 19:46:56 GMT+0000 (Coordinated Universal Time)): Error: Failed query: insert into "teams" ("id", "raw_id", "slug", "name", "description", "is_ads", "facebook_address", "views_count", "translations_count", "main_page_blocks", "avatar_url", "created_at", "updated_at") values (default, $1, $2, $3, $4, $5, $6, $7, $8, $9, $10, $11, $12) on conflict ("slug") do update set "raw_id" = $13, "slug" = $14, "name" = $15, "description" = $16, "is_ads" = $17, "facebook_address" = $18, "views_count" = $19, "translations_count" = $20, "main_page_blocks" = $21, "avatar_url" = $22, "created_at" = $23, "updated_at" = $24 returning "id", "updated_at"
params: 162,gia-hao,Gia Hào,Xin chào, tôi là Hào! Tôi chuyên dịch các oneshot ngắn (2~4 trang) hoặc một số các đầu truyện dài hạn. Các sản phẩm tôi dịch đều được lấy từ chính Twitter hoặc Pivix của tác giả.,true,Nurotygo,6030637,17,,,2023-05-24T11:46:19.047Z,2025-10-11T16:07:32.947Z,162,gia-hao,Gia Hào,Xin chào, tôi là Hào! Tôi chuyên dịch các oneshot ngắn (2~4 trang) hoặc một số các đầu truyện dài hạn. Các sản phẩm tôi dịch đều được lấy từ chính Twitter hoặc Pivix của tác giả.,true,Nurotygo,6030637,17,,,2023-05-24T11:46:19.047Z,2025-10-11T16:07:32.947Z
#2789(Sat Oct 11 2025 19:46:56 GMT+0000 (Coordinated Universal Time)): Error: Failed query: insert into "teams" ("id", "raw_id", "slug", "name", "description", "is_ads", "facebook_address", "views_count", "translations_count", "main_page_blocks", "avatar_url", "created_at", "updated_at") values (default, $1, $2, $3, $4, $5, $6, $7, $8, $9, $10, $11, $12) on conflict ("slug") do update set "raw_id" = $13, "slug" = $14, "name" = $15, "description" = $16, "is_ads" = $17, "facebook_address" = $18, "views_count" = $19, "translations_count" = $20, "main_page_blocks" = $21, "avatar_url" = $22, "created_at" = $23, "updated_at" = $24 returning "id", "updated_at"
params: 475,miinorins-veranda,Miinorin's Veranda,,true,minorin0103,474242,5,,,2025-02-19T07:18:27.886Z,2025-10-08T21:07:32.553Z,475,miinorins-veranda,Miinorin's Veranda,,true,minorin0103,474242,5,,,2025-02-19T07:18:27.886Z,2025-10-08T21:07:32.553Z
#3632(Sat Oct 11 2025 19:48:11 GMT+0000 (Coordinated Universal Time)): Error: Failed to fetch chapter info: Retry later

#3266(Sat Oct 11 2025 19:48:11 GMT+0000 (Coordinated Universal Time)): Error: Failed to fetch chapter info: Retry later

#3760(Sat Oct 11 2025 19:48:11 GMT+0000 (Coordinated Universal Time)): Error: Failed to fetch chapter info: Retry later

#2978(Sat Oct 11 2025 19:48:17 GMT+0000 (Coordinated Universal Time)): Error: Failed to fetch chapter info: Retry later

#3311(Sat Oct 11 2025 19:48:17 GMT+0000 (Coordinated Universal Time)): Error: Failed to fetch chapter info: Retry later

#3721(Sat Oct 11 2025 21:33:22 GMT+0000 (Coordinated Universal Time)): Error: Failed query: insert into "mangas" ("id", "raw_id", "name", "cover_url", "cover_mobile_url", "panorama_url", "panorama_mobile_url", "panorama_dominant_color", "panorama_dominant_color_2", "description", "full_description", "official_url", "is_region_limited", "is_ads", "views_count", "is_nsfw", "team", "titles", "created_at", "updated_at") values (default, $1, $2, $3, $4, $5, $6, $7, $8, $9, $10, $11, $12, $13, $14, $15, $16, $17, $18, $19) returning "id", "updated_at"
params: 3721,Nonomu,ad-site-i18n-sg/202510115d0d25695b4750b949cbacb4,ad-site-i18n-sg/202510115d0d7803cea740794722bab4,ad-site-i18n-sg/202510115d0dc4549c120780482d825d,ad-site-i18n-sg/202510115d0d5fed384d1aa0400789c0,#d1d1d1,#0e0e0e,,,https://pocket.shonenmagazine.com/title/02904/episode/419939,false,true,1632,false,349,{"{\"id\":8304,\"name\":\"Nonomu\",\"primary\":true}","{\"id\":8305,\"name\":\"ノノム\",\"primary\":false}"},2025-09-14T06:56:39.220Z,2025-09-21T19:57:22.907Z
#1288(Sat Oct 11 2025 22:03:41 GMT+0000 (Coordinated Universal Time)): TypeError: The first argument must be of type string or an instance of Buffer, ArrayBuffer, Array or an Array-like object. Received null
#3499(Sat Oct 11 2025 22:34:25 GMT+0000 (Coordinated Universal Time)): Error: Failed query: insert into "mangas" ("id", "raw_id", "name", "cover_url", "cover_mobile_url", "panorama_url", "panorama_mobile_url", "panorama_dominant_color", "panorama_dominant_color_2", "description", "full_description", "official_url", "is_region_limited", "is_ads", "views_count", "is_nsfw", "team", "titles", "created_at", "updated_at") values (default, $1, $2, $3, $4, $5, $6, $7, $8, $9, $10, $11, $12, $13, $14, $15, $16, $17, $18, $19) returning "id", "updated_at"
params: 3499,Janome-san wa Hohoemitai!,ad-site-i18n-sg/202510115d0d9097233b26c943149ce3,ad-site-i18n-sg/202510115d0d222612761afd441384dc,ad-site-i18n-sg/202510115d0d02cbf77883844f01a96c,ad-site-i18n-sg/202510115d0dc92a22c074f148f693a1,#b6adc3,#1e1938,Tạm dịch: Janome-san muốn mỉm cười Cựu gái hư Janome có biệt danh là “Medusa” vì ánh mắt dữ dằn như thể hóa đá người khác. Dù mơ ước trở thành một nữ sinh dễ thương đúng nghĩa, nhưng điều...,<p>Tạm dịch: Janome-san muốn mỉm cười<br>Cựu gái hư Janome có biệt danh là “Medusa” vì ánh mắt dữ dằn như thể hóa đá người khác. Dù mơ ước trở thành một nữ sinh dễ thương đúng nghĩa, nhưng điều đó với cô chỉ là giấc mơ xa vời. Vì thế, cô quyết định nhờ đến sự giúp đỡ của Kuwahara – một cậu bạn nổi tiếng, điển trai và luôn được mọi người yêu mến, để huấn luyện mình trở nên "dễ thương".</p>,https://www.sunday-webry.com/episode/2550912965970716314,false,true,4169,false,349,{"{\"id\":7830,\"name\":\"Janome-san wa Hohoemitai!\",\"primary\":true}","{\"id\":7831,\"name\":\"Janome-san muốn mỉm cười\",\"primary\":false}"},2025-08-07T07:23:06.329Z,2025-09-20T02:34:57.648Z
#3629(Sat Oct 11 2025 22:40:58 GMT+0000 (Coordinated Universal Time)): Error: Failed query: insert into "mangas" ("id", "raw_id", "name", "cover_url", "cover_mobile_url", "panorama_url", "panorama_mobile_url", "panorama_dominant_color", "panorama_dominant_color_2", "description", "full_description", "official_url", "is_region_limited", "is_ads", "views_count", "is_nsfw", "team", "titles", "created_at", "updated_at") values (default, $1, $2, $3, $4, $5, $6, $7, $8, $9, $10, $11, $12, $13, $14, $15, $16, $17, $18, $19) returning "id", "updated_at"
params: 3629,Tôi lỡ khen quá đà cô nàng Yandere đáng sợ và rồi cô ấy thành ra...,ad-site-i18n-sg/202510115d0db9c1f504750448c9bec0,ad-site-i18n-sg/202510115d0dd5566f403bb541f3af81,ad-site-i18n-sg/202510115d0d6d97c4561c77428ebe45,ad-site-i18n-sg/202510115d0d586cd2dd922941d5ad99,#989898,#0c0c0c,,,,false,true,7289,false,349,{"{\"id\":8112,\"name\":\"Tôi lỡ khen quá đà cô nàng Yandere đáng sợ và rồi cô ấy thành ra...\",\"primary\":true}"},2025-08-29T16:31:48.473Z,2025-09-24T14:17:26.982Z
#3656(Sat Oct 11 2025 22:45:44 GMT+0000 (Coordinated Universal Time)): Error: Failed query: insert into "mangas" ("id", "raw_id", "name", "cover_url", "cover_mobile_url", "panorama_url", "panorama_mobile_url", "panorama_dominant_color", "panorama_dominant_color_2", "description", "full_description", "official_url", "is_region_limited", "is_ads", "views_count", "is_nsfw", "team", "titles", "created_at", "updated_at") values (default, $1, $2, $3, $4, $5, $6, $7, $8, $9, $10, $11, $12, $13, $14, $15, $16, $17, $18, $19) returning "id", "updated_at"
params: 3656,Tôi muốn bịt miệng cô bạn thần giao cách cảm,ad-site-i18n-sg/202510115d0dbbe6bb9e8e3c47d48f96,ad-site-i18n-sg/202510115d0d965866899cb240b8821a,ad-site-i18n-sg/202510115d0df9df3ee2efad4e638485,ad-site-i18n-sg/202510115d0ded1da1437b314174b5ad,#bfbfbf,#0c0c0c,,,https://www.pixiv.net/en/artworks/111997387,false,true,3951,false,76,{"{\"id\":8161,\"name\":\"Tôi muốn bịt miệng cô bạn thần giao cách cảm\",\"primary\":true}","{\"id\":8162,\"name\":\"I Want to Silence the Telepath Girl\",\"primary\":false}","{\"id\":8163,\"name\":\"テレパス少女を黙らせたい\",\"primary\":false}"},2025-09-02T02:52:30.938Z,2025-09-21T19:17:23.032Z
#3599(Sat Oct 11 2025 22:51:05 GMT+0000 (Coordinated Universal Time)): Error: Failed query: insert into "mangas" ("id", "raw_id", "name", "cover_url", "cover_mobile_url", "panorama_url", "panorama_mobile_url", "panorama_dominant_color", "panorama_dominant_color_2", "description", "full_description", "official_url", "is_region_limited", "is_ads", "views_count", "is_nsfw", "team", "titles", "created_at", "updated_at") values (default, $1, $2, $3, $4, $5, $6, $7, $8, $9, $10, $11, $12, $13, $14, $15, $16, $17, $18, $19) returning "id", "updated_at"
params: 3599,Hôm Nay Cũng Lại Là Một Ngày Bình Yên Tại Eli Elias,ad-site-i18n-sg/202510115d0d4d1325ca82a243cc98e6,ad-site-i18n-sg/202510115d0d4b8a896a6c7248c99a48,ad-site-i18n-sg/202510115d0d7fcafd98f5a2468f8136,ad-site-i18n-sg/202510115d0db1d302ffb76545db85e0,#ba9c94,#43393f,,,https://x.com/Arla6974,false,true,2165,false,349,{"{\"id\":8059,\"name\":\"Hôm Nay Cũng Lại Là Một Ngày Bình Yên Tại Eli Elias\",\"primary\":true}"},2025-08-25T13:12:18.464Z,2025-09-03T12:58:44.375Z
#3653(Sat Oct 11 2025 22:51:08 GMT+0000 (Coordinated Universal Time)): Error: Failed query: insert into "mangas" ("id", "raw_id", "name", "cover_url", "cover_mobile_url", "panorama_url", "panorama_mobile_url", "panorama_dominant_color", "panorama_dominant_color_2", "description", "full_description", "official_url", "is_region_limited", "is_ads", "views_count", "is_nsfw", "team", "titles", "created_at", "updated_at") values (default, $1, $2, $3, $4, $5, $6, $7, $8, $9, $10, $11, $12, $13, $14, $15, $16, $17, $18, $19) returning "id", "updated_at"
params: 3653,Sự Đố Kị Của Mika,ad-site-i18n-sg/202510115d0d20de441cbae548598213,ad-site-i18n-sg/202510115d0d229033b601434044b212,ad-site-i18n-sg/202510115d0defcd096011b5425d87d4,ad-site-i18n-sg/202510115d0d2b7db51c513b45a09d36,#040205,#61071f,,,,false,true,634,false,349,{"{\"id\":8158,\"name\":\"Sự Đố Kị Của Mika\",\"primary\":true}"},2025-09-01T10:38:33.274Z,2025-09-10T16:34:57.197Z
#3625(Sat Oct 11 2025 23:11:23 GMT+0000 (Coordinated Universal Time)): Error: Failed query: insert into "mangas" ("id", "raw_id", "name", "cover_url", "cover_mobile_url", "panorama_url", "panorama_mobile_url", "panorama_dominant_color", "panorama_dominant_color_2", "description", "full_description", "official_url", "is_region_limited", "is_ads", "views_count", "is_nsfw", "team", "titles", "created_at", "updated_at") values (default, $1, $2, $3, $4, $5, $6, $7, $8, $9, $10, $11, $12, $13, $14, $15, $16, $17, $18, $19) returning "id", "updated_at"
params: 3625,Ngài quỷ vương đang đổ mồ hôi!,ad-site-i18n-sg/202510115d0d9b2ee842ed2e4f9abb90,ad-site-i18n-sg/202510115d0dd171255cb4184a5ba59d,ad-site-i18n-sg/202510115d0d2fffec7ea1534bbb8039,ad-site-i18n-sg/202510115d0d7f862ba061044fe28545,#b2b3b3,#0c0d0d,,,https://jp.mercari.com/item/m76341785699?srsltid=AfmBOorU4vA-Q7vGYlzM8ijDt-nWm_7fsbWyKoQw1GvNXxznrIXsU1vs,false,true,1423,false,24,{"{\"id\":8106,\"name\":\"Ngài quỷ vương đang đổ mồ hôi!\",\"primary\":true}","{\"id\":8107,\"name\":\"Maou-sama wa Ase o Kaku\",\"primary\":false}"},2025-08-29T08:36:43.468Z,2025-09-23T12:50:27.317Z
#3608(Sat Oct 11 2025 23:20:06 GMT+0000 (Coordinated Universal Time)): Error: Failed query: insert into "mangas" ("id", "raw_id", "name", "cover_url", "cover_mobile_url", "panorama_url", "panorama_mobile_url", "panorama_dominant_color", "panorama_dominant_color_2", "description", "full_description", "official_url", "is_region_limited", "is_ads", "views_count", "is_nsfw", "team", "titles", "created_at", "updated_at") values (default, $1, $2, $3, $4, $5, $6, $7, $8, $9, $10, $11, $12, $13, $14, $15, $16, $17, $18, $19) returning "id", "updated_at"
params: 3608,Tiệc trà Yandere,ad-site-i18n-sg/202510115d0dac488844ed3e43a9b300,ad-site-i18n-sg/202510115d0de27fb2ff00e4452ea572,ad-site-i18n-sg/202510115d0db2ab3dca18df40258c37,ad-site-i18n-sg/202510115d0df8b99187d0c54002bdb9,#080608,#836371,,,,false,true,7430,false,349,{"{\"id\":8070,\"name\":\"Tiệc trà Yandere\",\"primary\":true}"},2025-08-26T08:37:09.060Z,2025-09-24T20:17:08.063Z
#3144(Sat Oct 11 2025 23:22:32 GMT+0000 (Coordinated Universal Time)): Error: Failed query: insert into "mangas" ("id", "raw_id", "name", "cover_url", "cover_mobile_url", "panorama_url", "panorama_mobile_url", "panorama_dominant_color", "panorama_dominant_color_2", "description", "full_description", "official_url", "is_region_limited", "is_ads", "views_count", "is_nsfw", "team", "titles", "created_at", "updated_at") values (default, $1, $2, $3, $4, $5, $6, $7, $8, $9, $10, $11, $12, $13, $14, $15, $16, $17, $18, $19) returning "id", "updated_at"
params: 3144,Anta to Osananajimitte dake demo Iyananoni! ~Zekkou kara Hajimaru S-kyuu Bishoujo to no Gakuen Nariagari Seikatsu~,ad-site-i18n-sg/202510115d0dc55f2387594a463da882,ad-site-i18n-sg/202510115d0de8354d16ab9e47988ec7,ad-site-i18n-sg/202510115d0d734ec3f9658d4d6aa928,ad-site-i18n-sg/202510115d0d429edf162e59484ba30c,#baa192,#272b30,,,https://magazine.jp.square-enix.com/biggangan/introduction/antato/,false,true,93751,false,24,{"{\"id\":7014,\"name\":\"Anta to Osananajimitte dake demo Iyananoni! ~Zekkou kara Hajimaru S-kyuu Bishoujo to no Gakuen Nariagari Seikatsu~\",\"primary\":true}"},2025-05-27T12:52:53.913Z,2025-09-25T08:17:55.286Z
#3588(Sat Oct 11 2025 23:28:14 GMT+0000 (Coordinated Universal Time)): Error: Failed query: insert into "mangas" ("id", "raw_id", "name", "cover_url", "cover_mobile_url", "panorama_url", "panorama_mobile_url", "panorama_dominant_color", "panorama_dominant_color_2", "description", "full_description", "official_url", "is_region_limited", "is_ads", "views_count", "is_nsfw", "team", "titles", "created_at", "updated_at") values (default, $1, $2, $3, $4, $5, $6, $7, $8, $9, $10, $11, $12, $13, $14, $15, $16, $17, $18, $19) returning "id", "updated_at"
params: 3588,Raise wa Bishoujo (Kari),ad-site-i18n-sg/202510115d0d2393fc3415ad4429bc4a,ad-site-i18n-sg/202510115d0d34a131d307264360947e,ad-site-i18n-sg/202510115d0d64fba7053dea4e3ba850,ad-site-i18n-sg/202510115d0dca27173dc0cb4f1fb29f,#b5b5b5,#1c1c1c,,,,false,true,1581,false,349,{"{\"id\":8032,\"name\":\"Raise wa Bishoujo (Kari)\",\"primary\":true}","{\"id\":8033,\"name\":\"Kiếp sau tôi sẽ trở thành một cô gái xinh đẹp (Tạm thời)\",\"primary\":false}"},2025-08-22T15:46:49.945Z,2025-09-07T08:54:56.294Z
#3575(Sat Oct 11 2025 23:36:11 GMT+0000 (Coordinated Universal Time)): Error: Failed query: insert into "mangas" ("id", "raw_id", "name", "cover_url", "cover_mobile_url", "panorama_url", "panorama_mobile_url", "panorama_dominant_color", "panorama_dominant_color_2", "description", "full_description", "official_url", "is_region_limited", "is_ads", "views_count", "is_nsfw", "team", "titles", "created_at", "updated_at") values (default, $1, $2, $3, $4, $5, $6, $7, $8, $9, $10, $11, $12, $13, $14, $15, $16, $17, $18, $19) returning "id", "updated_at"
params: 3575,Làm bạn với cô nàng Yankee,ad-site-i18n-sg/202510115d0d26f6c1fadac845adb335,ad-site-i18n-sg/202510115d0d019d1461d66549f69d7e,ad-site-i18n-sg/202510115d0dbe16fb5640c94f62b57f,ad-site-i18n-sg/202510115d0d540eadc2e89a4439b896,#c1c1c1,#080808,...,<p>...</p>,,false,true,1800,false,485,{"{\"id\":8009,\"name\":\"Làm bạn với cô nàng Yankee\",\"primary\":true}"},2025-08-21T04:03:55.733Z,2025-09-07T15:54:57.757Z
#3378(Sat Oct 11 2025 23:55:42 GMT+0000 (Coordinated Universal Time)): Error: Failed query: insert into "mangas" ("id", "raw_id", "name", "cover_url", "cover_mobile_url", "panorama_url", "panorama_mobile_url", "panorama_dominant_color", "panorama_dominant_color_2", "description", "full_description", "official_url", "is_region_limited", "is_ads", "views_count", "is_nsfw", "team", "titles", "created_at", "updated_at") values (default, $1, $2, $3, $4, $5, $6, $7, $8, $9, $10, $11, $12, $13, $14, $15, $16, $17, $18, $19) returning "id", "updated_at"
params: 3378,Blue Ursus,ad-site-i18n-sg/202510115d0dd385ccb7372843de9293,ad-site-i18n-sg/202510115d0dbc228a15c10a4adf8ad1,ad-site-i18n-sg/202510115d0d7d9cbaf5acd5418d88d2,ad-site-i18n-sg/202510115d0d53e859866b4440c8a98a,#061ba2,#a98ac7,,,https://manga-one.com/manga/26821/chapter/286378,false,true,4256,false,317,{"{\"id\":7570,\"name\":\"Blue Ursus\",\"primary\":true}","{\"id\":7571,\"name\":\"Gấu Xanh\",\"primary\":false}"},2025-07-12T16:44:58.777Z,2025-08-23T16:44:14.957Z
#3526(Sat Oct 11 2025 23:58:20 GMT+0000 (Coordinated Universal Time)): Error: Failed query: insert into "mangas" ("id", "raw_id", "name", "cover_url", "cover_mobile_url", "panorama_url", "panorama_mobile_url", "panorama_dominant_color", "panorama_dominant_color_2", "description", "full_description", "official_url", "is_region_limited", "is_ads", "views_count", "is_nsfw", "team", "titles", "created_at", "updated_at") values (default, $1, $2, $3, $4, $5, $6, $7, $8, $9, $10, $11, $12, $13, $14, $15, $16, $17, $18, $19) returning "id", "updated_at"
params: 3526,Kouhai phồng lên,ad-site-i18n-sg/202510115d0d399402ba165d40d1bca9,ad-site-i18n-sg/202510115d0da4c080cfd15a4906ae2a,ad-site-i18n-sg/202510115d0dcb0f336d8a7c4b029553,ad-site-i18n-sg/202510115d0df26a6feede2e489e9a59,#c1c1c1,#111111,,,https://x.com/crescent_787?t=Ght1d0F6f8mR1hOwefcN3Q&s=09,false,true,2109,false,24,{"{\"id\":7901,\"name\":\"Kouhai phồng lên\",\"primary\":true}"},2025-08-11T18:39:21.343Z,2025-08-26T11:04:15.890Z
#3490(Sun Oct 12 2025 00:11:07 GMT+0000 (Coordinated Universal Time)): Error: Failed query: insert into "mangas" ("id", "raw_id", "name", "cover_url", "cover_mobile_url", "panorama_url", "panorama_mobile_url", "panorama_dominant_color", "panorama_dominant_color_2", "description", "full_description", "official_url", "is_region_limited", "is_ads", "views_count", "is_nsfw", "team", "titles", "created_at", "updated_at") values (default, $1, $2, $3, $4, $5, $6, $7, $8, $9, $10, $11, $12, $13, $14, $15, $16, $17, $18, $19) returning "id", "updated_at"
params: 3490,Bên kia thiên cầu vạn sao,ad-site-i18n-sg/202510125d0d7ee48153dcf840afa6c1,ad-site-i18n-sg/202510125d0d61781c5f6fab43c692e7,ad-site-i18n-sg/202510125d0d4c9efbdd59f745eea284,ad-site-i18n-sg/202510125d0de3c747d699674fc38b17,#131313,#666666,,,https://www.pixiv.net/en/artworks/133172729,false,true,314,false,154,{"{\"id\":7800,\"name\":\"Bên kia thiên cầu vạn sao\",\"primary\":true}","{\"id\":7801,\"name\":\"Uma Musume Pretty Derby - Beyond the Celestial Sphere of Stars (Doujinshi)\",\"primary\":false}","{\"id\":7802,\"name\":\"Hoshiboshi no Tenkyuu no Saki e\",\"primary\":false}","{\"id\":7803,\"name\":\"별들의 천구 너머에\",\"primary\":false}","{\"id\":7804,\"name\":\"星々の天球の先へ\",\"primary\":false}"},2025-08-06T08:05:44.576Z,2025-08-22T06:01:50.600Z
#3461(Sun Oct 12 2025 00:33:48 GMT+0000 (Coordinated Universal Time)): Error: Failed query: insert into "mangas" ("id", "raw_id", "name", "cover_url", "cover_mobile_url", "panorama_url", "panorama_mobile_url", "panorama_dominant_color", "panorama_dominant_color_2", "description", "full_description", "official_url", "is_region_limited", "is_ads", "views_count", "is_nsfw", "team", "titles", "created_at", "updated_at") values (default, $1, $2, $3, $4, $5, $6, $7, $8, $9, $10, $11, $12, $13, $14, $15, $16, $17, $18, $19) returning "id", "updated_at"
params: 3461,Yojouhan de kimi to,ad-site-i18n-sg/202510125d0d08b2f1aa2b1d4ad9bb20,ad-site-i18n-sg/202510125d0d765ece2cb1f448d0a631,ad-site-i18n-sg/202510125d0d84a3265561fc4482a672,ad-site-i18n-sg/202510125d0d8119f0f941cd4aad8781,#0e0e0e,#9f9f9f,,,,false,true,602,false,349,{"{\"id\":7748,\"name\":\"Yojouhan de kimi to\",\"primary\":true}","{\"id\":7749,\"name\":\"四畳半で君と\",\"primary\":false}"},2025-07-30T05:51:32.228Z,2025-08-21T16:44:16.269Z
#2392(Sun Oct 12 2025 00:40:07 GMT+0000 (Coordinated Universal Time)): Error: Failed query: insert into "mangas" ("id", "raw_id", "name", "cover_url", "cover_mobile_url", "panorama_url", "panorama_mobile_url", "panorama_dominant_color", "panorama_dominant_color_2", "description", "full_description", "official_url", "is_region_limited", "is_ads", "views_count", "is_nsfw", "team", "titles", "created_at", "updated_at") values (default, $1, $2, $3, $4, $5, $6, $7, $8, $9, $10, $11, $12, $13, $14, $15, $16, $17, $18, $19) returning "id", "updated_at"
params: 2392,Tỏ tình cô Elf nhà bên,ad-site-i18n-sg/202510125d0dd9e703112868429ab0ed,ad-site-i18n-sg/202510125d0d9cf8f77a47f547b89ceb,ad-site-i18n-sg/202510125d0dff8f17af3ff14a74b679,ad-site-i18n-sg/202510125d0d89151f207c9245d68ba7,#c5c5be,#1c1c1c,,,https://twitter.com/kugatu28/status/1822181932341285239,false,true,12392,false,120,{"{\"id\":5417,\"name\":\"Elf Love Confessions\",\"primary\":false}","{\"id\":5418,\"name\":\"A Story About Confessing to an Elf\",\"primary\":false}","{\"id\":5419,\"name\":\"I Confessed to the Elven Girl Next Door\",\"primary\":false}","{\"id\":5420,\"name\":\"I Confessed to the Gloomy Elf\",\"primary\":false}","{\"id\":5421,\"name\":\"Tỏ tình cô Elf nhà bên\",\"primary\":true}","{\"id\":5422,\"name\":\"近所のエルフお姉ちゃんに告白した\",\"primary\":false}","{\"id\":5423,\"name\":\"陰キャエルフちゃんに告った\",\"primary\":false}","{\"id\":5424,\"name\":\"Kinjo no Elf Onee-chan ni Kokuhaku shita\",\"primary\":false}","{\"id\":5425,\"name\":\"Tỏ tình cô bạn elf u ám\",\"primary\":false}"},2024-10-12T08:31:39.129Z,2025-08-27T05:04:15.622Z
#3307(Sun Oct 12 2025 01:11:55 GMT+0000 (Coordinated Universal Time)): Error: Failed query: insert into "mangas" ("id", "raw_id", "name", "cover_url", "cover_mobile_url", "panorama_url", "panorama_mobile_url", "panorama_dominant_color", "panorama_dominant_color_2", "description", "full_description", "official_url", "is_region_limited", "is_ads", "views_count", "is_nsfw", "team", "titles", "created_at", "updated_at") values (default, $1, $2, $3, $4, $5, $6, $7, $8, $9, $10, $11, $12, $13, $14, $15, $16, $17, $18, $19) returning "id", "updated_at"
params: 3307,6-nin no Shinanai Shoujo to Kanarazu Shinu Unmei no Hito,ad-site-i18n-sg/202510125d0d75dbfd8e6eec419b9bf8,ad-site-i18n-sg/202510125d0da4a3e9ece4b44c1db3a5,ad-site-i18n-sg/202510125d0d60b1126ccbd447689481,ad-site-i18n-sg/202510125d0dff063c29acef4c3baec1,#e2e2e2,#090909,"Một tương lai mà cậu không có bạn gái không thể xuát hiện" Cùng theo chân Osaka Meguru trên hành trình kiếm lấy cho mình một cô bạn gái  Re:zero bản romcom (Subaru =&gt; Meguru),<p>"Một tương lai mà cậu không có bạn gái không thể xuát hiện"<br>Cùng theo chân Osaka Meguru trên hành trình kiếm lấy cho mình một cô bạn gái</p><p>Re:zero bản romcom (Subaru =&gt; Meguru)</p>,,false,true,5691,false,591,{"{\"id\":7382,\"name\":\"6-nin no Shinanai Shoujo to Kanarazu Shinu Unmei no Hito\",\"primary\":true}"},2025-06-29T15:13:32.400Z,2025-08-24T02:24:14.049Z
#3384(Sun Oct 12 2025 01:34:58 GMT+0000 (Coordinated Universal Time)): Error: Failed query: insert into "mangas" ("id", "raw_id", "name", "cover_url", "cover_mobile_url", "panorama_url", "panorama_mobile_url", "panorama_dominant_color", "panorama_dominant_color_2", "description", "full_description", "official_url", "is_region_limited", "is_ads", "views_count", "is_nsfw", "team", "titles", "created_at", "updated_at") values (default, $1, $2, $3, $4, $5, $6, $7, $8, $9, $10, $11, $12, $13, $14, $15, $16, $17, $18, $19) returning "id", "updated_at"
params: 3384,Câu chuyện về cô nàng Sói đơn độc đã thu hút sự chú ý của tôi,ad-site-i18n-sg/202510125d0d82c191da04cd41cfb502,ad-site-i18n-sg/202510125d0db2a83d04bccd4668ae29,ad-site-i18n-sg/202510125d0d63325b75a54b450ea582,ad-site-i18n-sg/202510125d0d4572501029f44ea0aaf3,#89898a,#1d1d1a,,,https://mangadex.org/title/96bfcb17-aacc-470f-a5e3-ecf643f92112/a-story-about-a-lone-wolf-girl-who-caught-my-attention,false,true,3476,false,349,{"{\"id\":7584,\"name\":\"Câu chuyện về cô nàng Sói đơn độc đã thu hút sự chú ý của tôi\",\"primary\":true}","{\"id\":7585,\"name\":\"Ippiki Ookami na Onnanoko ga Kininaru Hanashi\",\"primary\":false}","{\"id\":7586,\"name\":\"A Story About a Lone Wolf Girl Who Caught My Attention\",\"primary\":false}"},2025-07-13T15:40:47.455Z,2025-09-19T22:14:57.449Z
#3359(Sun Oct 12 2025 01:43:08 GMT+0000 (Coordinated Universal Time)): Error: Failed query: insert into "mangas" ("id", "raw_id", "name", "cover_url", "cover_mobile_url", "panorama_url", "panorama_mobile_url", "panorama_dominant_color", "panorama_dominant_color_2", "description", "full_description", "official_url", "is_region_limited", "is_ads", "views_count", "is_nsfw", "team", "titles", "created_at", "updated_at") values (default, $1, $2, $3, $4, $5, $6, $7, $8, $9, $10, $11, $12, $13, $14, $15, $16, $17, $18, $19) returning "id", "updated_at"
params: 3359,Chó hoang,ad-site-i18n-sg/202510125d0d1e206e0ac5a74411bc38,ad-site-i18n-sg/202510125d0d01e94a269b594ee8acbb,ad-site-i18n-sg/202510125d0d91251b88fd004b81a678,ad-site-i18n-sg/202510125d0d911bb467ce2d43209135,#bdb9b9,#1d171a,,,https://x.com/shika_CkA?t=YIbxr49_a0y5cNF_YLhINw&s=09,false,true,503,false,24,{"{\"id\":7522,\"name\":\"Chó hoang\",\"primary\":true}"},2025-07-09T11:31:17.029Z,2025-07-13T12:00:00.075Z
#2964(Sun Oct 12 2025 01:43:34 GMT+0000 (Coordinated Universal Time)): Error: Failed query: insert into "mangas" ("id", "raw_id", "name", "cover_url", "cover_mobile_url", "panorama_url", "panorama_mobile_url", "panorama_dominant_color", "panorama_dominant_color_2", "description", "full_description", "official_url", "is_region_limited", "is_ads", "views_count", "is_nsfw", "team", "titles", "created_at", "updated_at") values (default, $1, $2, $3, $4, $5, $6, $7, $8, $9, $10, $11, $12, $13, $14, $15, $16, $17, $18, $19) returning "id", "updated_at"
params: 2964,Ngày nào cũng là lễ,ad-site-i18n-sg/202510125d0d52421d5ef2dc484290e0,ad-site-i18n-sg/202510125d0d8cfad7c1e2164ba080e5,ad-site-i18n-sg/202510125d0d7a7e0dad26d2495498ff,ad-site-i18n-sg/202510125d0dc5d91bc56ea3474883cc,#aeaba8,#121211,,,https://www.amazon.co.jp/dp/B0F2ZNLRJM,false,true,8469,false,349,{"{\"id\":6624,\"name\":\"Ngày nào cũng là lễ\",\"primary\":true}","{\"id\":7516,\"name\":\"Every Day is a Holiday\",\"primary\":false}"},2025-04-17T08:14:48.568Z,2025-07-19T06:30:03.300Z
